

--- 09:24:55.430413------(CUSTOMNEWS) SIZE FILTER PHASE
Min size : 1024x720

--- 09:25:59.646049------(CUSTOMNEWS) SIZE FILTER PHASE
Min size : 1024x720

--- 09:26:36.521761------(CUSTOMNEWS) SIZE FILTER PHASE
Min size : 1024x720

--- 09:27:50.310362------(CUSTOMNEWS) SIZE FILTER PHASE
FILE : temp.xml Min size : 1024x720

--- 09:28:11.876560------(CUSTOMNEWS) SIZE FILTER PHASE
FILE : temp.xml Min size : 1024x720

--- 09:28:28.206910------(CUSTOMNEWS) SIZE FILTER PHASE
FILE : temp.xml Min size : 1024x720img : ../res/custom/27-09-2017_vlcsnap-2017-09-18-19h51m37s732_2.png

--- 09:28:58.051636------(CUSTOMNEWS) SIZE FILTER PHASE
FILE : temp.xml Min size : 1024x720img : ../res/custom/27-09-2017_vlcsnap-2017-09-18-19h51m37s732_2.png

--- 09:29:24.613953------(CUSTOMNEWS) SIZE FILTER PHASE
FILE : temp.xml Min size : 1024x720img : ../res/custom/27-09-2017_vlcsnap-2017-09-18-19h51m37s732_2.png

--- 09:29:59.982062------(CUSTOMNEWS) SIZE FILTER PHASE
FILE : temp.xml Min size : 1024x720img : ../res/custom/27-09-2017_vlcsnap-2017-09-18-19h51m37s732_2.pngasdfinasdasd

--- 09:30:32.725180------(CUSTOMNEWS) SIZE FILTER PHASE
FILE : temp.xml Min size : 1024x720img : ../res/custom/27-09-2017_vlcsnap-2017-09-18-19h51m37s732_2.png
ASIDASODIAS

--- 23:52:26.613650------(CUSTOMNEWS) SIZE FILTER PHASE
FILE : ./temp.xml Min size : 1024x720img : ../res/custom/27-09-2017_dhishna_Cover_1.pngsize
ASIDASODIAS

--- 23:56:07.812589------(CUSTOMNEWS) SIZE FILTER PHASE
FILE : ./temp.xml Min size : 1024x720img : ../res/custom/27-09-2017_dhishna_cover.png
ASIDASODIAS